0 verbose cli C:\Program Files\nodejs\node.exe C:\Users\erik\AppData\Roaming\npm\node_modules\npm\bin\npm-cli.js
1 info using npm@11.0.0
2 info using node@v22.12.0
3 silly config load:file:C:\Users\erik\AppData\Roaming\npm\node_modules\npm\npmrc
4 silly config load:file:C:\Users\erik\Desktop\estudos\JavaScriptStudies\.npmrc
5 silly config load:file:C:\Users\erik\.npmrc
6 silly config load:file:C:\Users\erik\AppData\Roaming\npm\etc\npmrc
7 verbose title npm run start
8 verbose argv "run" "start"
9 verbose logfile logs-max:10 dir:C:\Users\erik\Desktop\estudos\JavaScriptStudies\UserserikAppDataRoamingnpm-cache\_logs\2025-01-20T23_17_30_149Z-
10 verbose logfile C:\Users\erik\Desktop\estudos\JavaScriptStudies\UserserikAppDataRoamingnpm-cache\_logs\2025-01-20T23_17_30_149Z-debug-0.log
11 silly logfile done cleaning log files
12 verbose stack Error: Missing script: "start"
12 verbose stack
12 verbose stack Did you mean one of these?
12 verbose stack   npm star # Mark your favorite packages
12 verbose stack   npm stars # View packages marked as favorites
12 verbose stack
12 verbose stack To see a list of scripts, run:
12 verbose stack   npm run
12 verbose stack     at #run (C:\Users\erik\AppData\Roaming\npm\node_modules\npm\lib\commands\run-script.js:111:13)
12 verbose stack     at async RunScript.exec (C:\Users\erik\AppData\Roaming\npm\node_modules\npm\lib\commands\run-script.js:40:7)
12 verbose stack     at async Npm.exec (C:\Users\erik\AppData\Roaming\npm\node_modules\npm\lib\npm.js:207:9)
12 verbose stack     at async module.exports (C:\Users\erik\AppData\Roaming\npm\node_modules\npm\lib\cli\entry.js:69:5)
13 error Missing script: "start"
13 error
13 error Did you mean one of these?
13 error   npm star # Mark your favorite packages
13 error   npm stars # View packages marked as favorites
13 error
13 error To see a list of scripts, run:
13 error   npm run
14 verbose cwd C:\Users\erik\Desktop\estudos\JavaScriptStudies
15 verbose os Windows_NT 10.0.26100
16 verbose node v22.12.0
17 verbose npm  v11.0.0
18 verbose exit 1
19 verbose code 1
20 error A complete log of this run can be found in: C:\Users\erik\Desktop\estudos\JavaScriptStudies\UserserikAppDataRoamingnpm-cache\_logs\2025-01-20T23_17_30_149Z-debug-0.log
